<?xml version="1.0" encoding="UTF-8"?>
<testng-results skipped="0" failed="0" ignored="0" total="1" passed="1">
  <reporter-output>
  </reporter-output>
  <suite name="Suite" duration-ms="4132" started-at="2021-12-25T12:06:44 IST" finished-at="2021-12-25T12:06:48 IST">
    <groups>
    </groups>
    <test name="ReqResApi" duration-ms="4132" started-at="2021-12-25T12:06:44 IST" finished-at="2021-12-25T12:06:48 IST">
      <class name="ReqresApi">
        <test-method status="PASS" signature="startSession(java.lang.String,java.lang.String)[pri:0, instance:ReqresApi@4d4d48a6]" name="startSession" is-config="true" duration-ms="751" started-at="2021-12-25T12:06:44 IST" finished-at="2021-12-25T12:06:45 IST">
          <params>
            <param index="0">
              <value>
                <![CDATA[api]]>
              </value>
            </param>
            <param index="1">
              <value>
                <![CDATA[Optional Parameter]]>
              </value>
            </param>
          </params>
          <reporter-output>
          </reporter-output>
        </test-method> <!-- startSession -->
        <test-method status="PASS" signature="beforeMethod(java.lang.String,java.lang.reflect.Method)[pri:0, instance:ReqresApi@4d4d48a6]" name="beforeMethod" is-config="true" duration-ms="1" started-at="2021-12-25T12:06:45 IST" finished-at="2021-12-25T12:06:45 IST">
          <params>
            <param index="0">
              <value>
                <![CDATA[api]]>
              </value>
            </param>
            <param index="1">
              <value>
                <![CDATA[public void ReqresApi.Test01_ReqRes_Emails()]]>
              </value>
            </param>
          </params>
          <reporter-output>
          </reporter-output>
        </test-method> <!-- beforeMethod -->
        <test-method status="PASS" signature="Test01_ReqRes_Emails()[pri:0, instance:ReqresApi@4d4d48a6]" name="Test01_ReqRes_Emails" duration-ms="3239" started-at="2021-12-25T12:06:45 IST" description="ReqRes List of Emails" finished-at="2021-12-25T12:06:48 IST">
          <reporter-output>
          </reporter-output>
        </test-method> <!-- Test01_ReqRes_Emails -->
        <test-method status="PASS" signature="closeSession(java.lang.String)[pri:0, instance:ReqresApi@4d4d48a6]" name="closeSession" is-config="true" duration-ms="1" started-at="2021-12-25T12:06:48 IST" finished-at="2021-12-25T12:06:48 IST">
          <params>
            <param index="0">
              <value>
                <![CDATA[api]]>
              </value>
            </param>
          </params>
          <reporter-output>
          </reporter-output>
        </test-method> <!-- closeSession -->
      </class> <!-- ReqresApi -->
    </test> <!-- ReqResApi -->
  </suite> <!-- Suite -->
</testng-results>
